2026-04-24 16:01:27 | CTV-1 | ONLINE
2026-04-24 16:01:27 | CTV-2 | ONLINE
2026-04-24 16:01:27 | CTV-3 | ONLINE
2026-04-24 16:01:27 | CTV-4 | ONLINE
2026-04-24 16:01:27 | SI-1 | ONLINE
2026-04-24 16:01:27 | Si-2 | ONLINE
2026-04-24 16:01:27 | Si-3 | ONLINE
2026-04-24 16:01:27 | Si-4 | ONLINE
2026-04-24 16:01:27 | SI-5 | ONLINE
2026-04-24 16:01:27 | Giao Hang | ONLINE
2026-04-24 16:02:07 | CTV-1 | ONLINE
2026-04-24 16:02:07 | CTV-2 | ONLINE
2026-04-24 16:02:07 | CTV-3 | ONLINE
2026-04-24 16:02:07 | CTV-4 | ONLINE
2026-04-24 16:02:07 | SI-1 | ONLINE
2026-04-24 16:02:07 | Si-2 | ONLINE
2026-04-24 16:02:07 | Si-3 | ONLINE
2026-04-24 16:02:07 | Si-4 | ONLINE
2026-04-24 16:02:07 | SI-5 | ONLINE
2026-04-24 16:02:07 | Giao Hang | ONLINE
2026-04-24 16:02:22 | Giao Hang | OFFLINE
2026-04-24 16:03:27 | CTV-1 | OFFLINE
2026-04-24 16:03:27 | CTV-2 | ONLINE
2026-04-24 16:03:27 | CTV-3 | ONLINE
2026-04-24 16:03:27 | CTV-4 | ONLINE
2026-04-24 16:03:27 | SI-1 | ONLINE
2026-04-24 16:03:27 | Si-2 | ONLINE
2026-04-24 16:03:27 | Si-3 | ONLINE
2026-04-24 16:03:27 | Si-4 | ONLINE
2026-04-24 16:03:27 | SI-5 | ONLINE
2026-04-24 16:03:27 | Giao Hang | OFFLINE
2026-04-24 16:03:31 | CTV-1 | ONLINE
2026-04-24 16:03:37 | CTV-1 | OFFLINE
2026-04-24 16:03:41 | CTV-1 | ONLINE
2026-04-24 16:04:07 | CTV-1 | OFFLINE
2026-04-24 16:04:11 | CTV-1 | ONLINE
2026-04-24 16:05:50 | CTV-1 | ONLINE
2026-04-24 16:05:50 | CTV-2 | ONLINE
2026-04-24 16:05:50 | CTV-3 | ONLINE
2026-04-24 16:05:50 | CTV-4 | ONLINE
2026-04-24 16:05:50 | SI-1 | ONLINE
2026-04-24 16:05:50 | Si-2 | ONLINE
2026-04-24 16:05:50 | Si-3 | ONLINE
2026-04-24 16:05:50 | Si-4 | ONLINE
2026-04-24 16:05:50 | SI-5 | ONLINE
2026-04-24 16:05:51 | Giao Hang | OFFLINE
2026-04-24 16:06:06 | CTV-1 | ONLINE
2026-04-24 16:06:06 | CTV-2 | ONLINE
2026-04-24 16:06:06 | CTV-3 | ONLINE
2026-04-24 16:06:06 | CTV-4 | ONLINE
2026-04-24 16:06:06 | SI-1 | ONLINE
2026-04-24 16:06:06 | Si-2 | ONLINE
2026-04-24 16:06:06 | Si-3 | ONLINE
2026-04-24 16:06:06 | Si-4 | ONLINE
2026-04-24 16:06:06 | SI-5 | ONLINE
2026-04-24 16:06:06 | Giao Hang | OFFLINE
2026-04-24 16:08:21 | CTV-1 | ONLINE
2026-04-24 16:08:21 | CTV-2 | ONLINE
2026-04-24 16:08:21 | CTV-3 | ONLINE
2026-04-24 16:08:21 | CTV-4 | ONLINE
2026-04-24 16:08:21 | SI-1 | ONLINE
2026-04-24 16:08:21 | Si-2 | ONLINE
2026-04-24 16:08:21 | Si-3 | ONLINE
2026-04-24 16:08:21 | Si-4 | ONLINE
2026-04-24 16:08:21 | SI-5 | ONLINE
2026-04-24 16:08:21 | Giao Hang | OFFLINE
2026-04-24 16:11:07 | CTV-1 | OFFLINE
2026-04-24 16:11:12 | CTV-1 | ONLINE
2026-04-24 16:12:03 | CTV-2 | OFFLINE
2026-04-24 16:12:07 | CTV-2 | ONLINE
2026-04-24 16:15:28 | CTV-1 | ONLINE
2026-04-24 16:15:28 | CTV-2 | ONLINE
2026-04-24 16:15:28 | CTV-3 | ONLINE
2026-04-24 16:15:28 | CTV-4 | ONLINE
2026-04-24 16:15:28 | SI-1 | ONLINE
2026-04-24 16:15:28 | Si-2 | ONLINE
2026-04-24 16:15:28 | Si-3 | ONLINE
2026-04-24 16:15:28 | Si-4 | ONLINE
2026-04-24 16:15:28 | SI-5 | ONLINE
2026-04-24 16:15:43 | CTV-2 | OFFLINE
2026-04-24 16:15:48 | CTV-2 | ONLINE
2026-04-24 16:19:26 | CTV-1 | ONLINE
2026-04-24 16:19:26 | CTV-2 | ONLINE
2026-04-24 16:19:26 | CTV-3 | ONLINE
2026-04-24 16:19:26 | CTV-4 | ONLINE
2026-04-24 16:19:26 | SI-1 | ONLINE
2026-04-24 16:19:26 | Si-2 | ONLINE
2026-04-24 16:19:26 | Si-3 | ONLINE
2026-04-24 16:19:26 | Si-4 | ONLINE
2026-04-24 16:19:26 | SI-5 | ONLINE
2026-04-24 16:20:11 | Giao Hang | ONLINE
2026-04-24 16:21:23 | CTV-1 | ONLINE
2026-04-24 16:21:23 | CTV-2 | ONLINE
2026-04-24 16:21:23 | CTV-3 | ONLINE
2026-04-24 16:21:23 | CTV-4 | ONLINE
2026-04-24 16:21:23 | SI-1 | ONLINE
2026-04-24 16:21:23 | Si-2 | ONLINE
2026-04-24 16:21:23 | Si-3 | ONLINE
2026-04-24 16:21:23 | Si-4 | ONLINE
2026-04-24 16:21:23 | SI-5 | ONLINE
2026-04-24 16:21:23 | Giao Hang | ONLINE
2026-04-24 16:29:56 | CTV-1 | ONLINE
2026-04-24 16:29:56 | CTV-2 | ONLINE
2026-04-24 16:29:56 | CTV-3 | ONLINE
2026-04-24 16:29:56 | CTV-4 | ONLINE
2026-04-24 16:29:56 | SI-1 | ONLINE
2026-04-24 16:29:56 | Si-2 | ONLINE
2026-04-24 16:29:56 | Si-3 | ONLINE
2026-04-24 16:29:56 | Si-4 | ONLINE
2026-04-24 16:29:56 | SI-5 | ONLINE
2026-04-24 16:29:56 | Giao Hang | ONLINE
2026-04-24 16:30:12 | Giao Hang | OFFLINE
2026-04-24 16:30:21 | Giao Hang | ONLINE
